#
# There is insufficient memory for the Java Runtime Environment to continue.
# Native memory allocation (malloc) failed to allocate 2109136 bytes. Error detail: Chunk::new
# Possible reasons:
#   The system is out of physical RAM or swap space
#   This process is running with CompressedOops enabled, and the Java Heap may be blocking the growth of the native heap
# Possible solutions:
#   Reduce memory load on the system
#   Increase physical memory or swap space
#   Check if swap backing store is full
#   Decrease Java heap size (-Xmx/-Xms)
#   Decrease number of Java threads
#   Decrease Java thread stack sizes (-Xss)
#   Set larger code cache with -XX:ReservedCodeCacheSize=
#   JVM is running with Unscaled Compressed Oops mode in which the Java heap is
#     placed in the first 4GB address space. The Java Heap base address is the
#     maximum limit for the native heap growth. Please use -XX:HeapBaseMinAddress
#     to set the Java Heap base and to place the Java Heap above 4GB virtual address.
# This output file may be truncated or incomplete.
#
#  Out of Memory Error (arena.cpp:162), pid=14492, tid=10904
#
# JRE version: Java(TM) SE Runtime Environment (24.0.1+9) (build 24.0.1+9-30)
# Java VM: Java HotSpot(TM) 64-Bit Server VM (24.0.1+9-30, mixed mode, sharing, tiered, compressed oops, compressed class ptrs, g1 gc, windows-amd64)
# No core dump will be written. Minidumps are not enabled by default on client versions of Windows
#

---------------  S U M M A R Y ------------

Command Line: -XX:+ShowCodeDetailsInExceptionMessages --module-path=C:\a\distribuidos\RU\target\classes;C:\Users\Mirell\.m2\repository\org\json\json\20210307\json-20210307.jar;C:\Users\Mirell\.m2\repository\com\google\code\gson\gson\2.10.1\gson-2.10.1.jar;C:\Users\Mirell\.m2\repository\org\openjfx\javafx-controls\17.0.1\javafx-controls-17.0.1-win.jar;C:\Users\Mirell\.m2\repository\org\openjfx\javafx-graphics\17.0.1\javafx-graphics-17.0.1-win.jar;C:\Users\Mirell\.m2\repository\org\openjfx\javafx-base\17.0.1\javafx-base-17.0.1-win.jar;C:\Users\Mirell\.m2\repository\org\openjfx\javafx-fxml\17.0.1\javafx-fxml-17.0.1-win.jar;C:\Users\Mirell\.m2\repository\org\openjfx\javafx-web\17.0.1\javafx-web-17.0.1-win.jar;C:\Users\Mirell\.m2\repository\org\openjfx\javafx-media\17.0.1\javafx-media-17.0.1-win.jar;C:\Users\Mirell\.m2\repository\org\controlsfx\controlsfx\11.1.1\controlsfx-11.1.1.jar;C:\Users\Mirell\.m2\repository\com\dlsc\formsfx\formsfx-core\11.3.2\formsfx-core-11.3.2.jar;C:\Users\Mirell\.m2\repository\org\kordamp\ikonli\ikonli-javafx\12.3.0\ikonli-javafx-12.3.0.jar;C:\Users\Mirell\.m2\repository\org\kordamp\ikonli\ikonli-core\12.3.0\ikonli-core-12.3.0.jar;C:\Users\Mirell\.m2\repository\org\kordamp\bootstrapfx\bootstrapfx-core\0.4.0\bootstrapfx-core-0.4.0.jar;C:\Users\Mirell\.m2\repository\eu\hansolo\tilesfx\11.48\tilesfx-11.48.jar;C:\Users\Mirell\.m2\repository\com\github\almasb\fxgl\17\fxgl-17.jar;C:\Users\Mirell\.m2\repository\com\github\almasb\fxgl-core\17\fxgl-core-17.jar;C:\Users\Mirell\.m2\repository\com\gluonhq\attach\audio\4.0.9\audio-4.0.9.jar;C:\Users\Mirell\.m2\repository\com\github\almasb\fxgl-io\17\fxgl-io-17.jar;C:\Users\Mirell\.m2\repository\com\gluonhq\attach\storage\4.0.9\storage-4.0.9.jar;C:\Users\Mirell\.m2\repository\com\gluonhq\attach\util\4.0.9\util-4.0.9.jar;C:\Users\Mirell\.m2\repository\com\github\almasb\fxgl-entity\17\fxgl-entity-17.jar;C:\Users\Mirell\.m2\repository\com\github\almasb\fxgl-scene\17\fxgl-scene-17.jar;C:\Users\Mirell\.m2\repository\com\github\almasb\fxgl-gameplay\17\fxgl-gameplay-Djdk.module.main=app app/app.Aplicativo

Host: Intel(R) Celeron(R) N4000 CPU @ 1.10GHz, 2 cores, 3G,  Windows 11 , 64 bit Build 22000 (10.0.22000.2124)
Time: Thu Jul 24 14:07:21 2025 Hora oficial do Brasil elapsed time: 365.328688 seconds (0d 0h 6m 5s)

---------------  T H R E A D  ---------------

Current thread (0x0000011b6856dc80):  JavaThread "C2 CompilerThread0" daemon [_thread_in_native, id=10904, stack(0x0000000d10d00000,0x0000000d10e00000) (1024K)]


Current CompileTask:
C2:365329 6256       4       com.sun.javafx.geom.transform.AffineBase::doTransform (657 bytes)

Stack: [0x0000000d10d00000,0x0000000d10e00000]
Native frames: (J=compiled Java code, j=interpreted, Vv=VM code, C=native code)
V  [jvm.dll+0x730739]  (no source info available)
V  [jvm.dll+0x8d9b23]  (no source info available)
V  [jvm.dll+0x8dc00d]  (no source info available)
V  [jvm.dll+0x8dc683]  (no source info available)
V  [jvm.dll+0x2aa086]  (no source info available)
V  [jvm.dll+0xcedef]  (no source info available)
V  [jvm.dll+0xcf04f]  (no source info available)
V  [jvm.dll+0x154d83]  (no source info available)
V  [jvm.dll+0x735f5f]  (no source info available)
V  [jvm.dll+0x26fa1c]  (no source info available)
V  [jvm.dll+0x26ea3f]  (no source info available)
V  [jvm.dll+0x1e9d60]  (no source info available)
V  [jvm.dll+0x27e1fb]  (no source info available)
V  [jvm.dll+0x27c49a]  (no source info available)
V  [jvm.dll+0x42f456]  (no source info available)
V  [jvm.dll+0x87d76b]  (no source info available)
V  [jvm.dll+0x72ee55]  (no source info available)
C  [ucrtbase.dll+0x26c0c]  (no source info available)
C  [KERNEL32.DLL+0x155a0]  (no source info available)
C  [ntdll.dll+0x485b]  (no source info available)

Lock stack of current Java thread (top to bottom):


---------------  P R O C E S S  ---------------

Threads class SMR info:
_java_thread_list=0x0000011b443f0720, length=18, elements={
0x0000011b6618ed10, 0x0000011b68566310, 0x0000011b68569fe0, 0x0000011b6856ac90,
0x0000011b6856b7c0, 0x0000011b6856c2f0, 0x0000011b6856ce20, 0x0000011b6856dc80,
0x0000011b44136770, 0x0000011b44393210, 0x0000011b446a82e0, 0x0000011b44db2860,
0x0000011b44e3e760, 0x0000011b44e3eea0, 0x0000011b4d71af50, 0x0000011b4d6baf00,
0x0000011b4dd91500, 0x0000011b4dbb3440
}

Java Threads: ( => current thread )
  0x0000011b6618ed10 JavaThread "main"                              [_thread_blocked, id=9148, stack(0x0000000d0ff00000,0x0000000d10000000) (1024K)]
  0x0000011b68566310 JavaThread "Reference Handler"          daemon [_thread_blocked, id=5040, stack(0x0000000d10700000,0x0000000d10800000) (1024K)]
  0x0000011b68569fe0 JavaThread "Finalizer"                  daemon [_thread_blocked, id=6084, stack(0x0000000d10800000,0x0000000d10900000) (1024K)]
  0x0000011b6856ac90 JavaThread "Signal Dispatcher"          daemon [_thread_blocked, id=5292, stack(0x0000000d10900000,0x0000000d10a00000) (1024K)]
  0x0000011b6856b7c0 JavaThread "Attach Listener"            daemon [_thread_blocked, id=13456, stack(0x0000000d10a00000,0x0000000d10b00000) (1024K)]
  0x0000011b6856c2f0 JavaThread "Service Thread"             daemon [_thread_blocked, id=10772, stack(0x0000000d10b00000,0x0000000d10c00000) (1024K)]
  0x0000011b6856ce20 JavaThread "Monitor Deflation Thread"   daemon [_thread_blocked, id=10732, stack(0x0000000d10c00000,0x0000000d10d00000) (1024K)]
=>0x0000011b6856dc80 JavaThread "C2 CompilerThread0"         daemon [_thread_in_native, id=10904, stack(0x0000000d10d00000,0x0000000d10e00000) (1024K)]
  0x0000011b44136770 JavaThread "C1 CompilerThread0"         daemon [_thread_blocked, id=2580, stack(0x0000000d10e00000,0x0000000d10f00000) (1024K)]
  0x0000011b44393210 JavaThread "Common-Cleaner"             daemon [_thread_blocked, id=14136, stack(0x0000000d10f00000,0x0000000d11000000) (1024K)]
  0x0000011b446a82e0 JavaThread "Notification Thread"        daemon [_thread_blocked, id=13256, stack(0x0000000d11000000,0x0000000d11100000) (1024K)]
  0x0000011b44db2860 JavaThread "QuantumRenderer-0"          daemon [_thread_blocked, id=10660, stack(0x0000000d11200000,0x0000000d11300000) (1024K)]
  0x0000011b44e3e760 JavaThread "InvokeLaterDispatcher"      daemon [_thread_blocked, id=14732, stack(0x0000000d11300000,0x0000000d11400000) (1024K)]
  0x0000011b44e3eea0 JavaThread "JavaFX Application Thread"         [_thread_in_native, id=10224, stack(0x0000000d11400000,0x0000000d11500000) (1024K)]
  0x0000011b4d71af50 JavaThread "Thread-1"                   daemon [_thread_in_native, id=15860, stack(0x0000000d11700000,0x0000000d11800000) (1024K)]
  0x0000011b4d6baf00 JavaThread "JavaFX-Launcher"                   [_thread_blocked, id=15828, stack(0x0000000d11800000,0x0000000d11900000) (1024K)]
  0x0000011b4dd91500 JavaThread "Prism Font Disposer"        daemon [_thread_blocked, id=13308, stack(0x0000000d11c00000,0x0000000d11d00000) (1024K)]
  0x0000011b4dbb3440 JavaThread "Cleaner-0"                  daemon [_thread_blocked, id=16124, stack(0x0000000d11d00000,0x0000000d11e00000) (1024K)]
Total: 18

Other Threads:
  0x0000011b68554c40 VMThread "VM Thread"                           [id=9952, stack(0x0000000d10600000,0x0000000d10700000) (1024K)]
  0x0000011b4411cce0 WatcherThread "VM Periodic Task Thread"        [id=9764, stack(0x0000000d10500000,0x0000000d10600000) (1024K)]
  0x0000011b684d6060 WorkerThread "GC Thread#0"                     [id=6796, stack(0x0000000d10000000,0x0000000d10100000) (1024K)]
  0x0000011b44b148d0 WorkerThread "GC Thread#1"                     [id=8148, stack(0x0000000d11100000,0x0000000d11200000) (1024K)]
  0x0000011b684e0930 ConcurrentGCThread "G1 Main Marker"            [id=9944, stack(0x0000000d10100000,0x0000000d10200000) (1024K)]
  0x0000011b684e1720 WorkerThread "G1 Conc#0"                       [id=6000, stack(0x0000000d10200000,0x0000000d10300000) (1024K)]
  0x0000011b6852ed40 ConcurrentGCThread "G1 Refine#0"               [id=14456, stack(0x0000000d10300000,0x0000000d10400000) (1024K)]
  0x0000011b68530a50 ConcurrentGCThread "G1 Service"                [id=13204, stack(0x0000000d10400000,0x0000000d10500000) (1024K)]
Total: 8

Threads with active compile tasks:
C2 CompilerThread0  365645 6256       4       com.sun.javafx.geom.transform.AffineBase::doTransform (657 bytes)
Total: 1

VM state: not at safepoint (normal execution)

VM Mutex/Monitor currently owned by a thread: None

Heap address: 0x00000000c3000000, size: 976 MB, Compressed Oops mode: 32-bit

CDS archive(s) mapped at: [0x0000011b03000000-0x0000011b03d40000-0x0000011b03d40000), size 13893632, SharedBaseAddress: 0x0000011b03000000, ArchiveRelocationMode: 1.
Compressed class space mapped at: 0x0000011b04000000-0x0000011b44000000, reserved size: 1073741824
UseCompressedClassPointers 1, UseCompactObjectHeaders 0
Narrow klass pointer bits 32, Max shift 3
Narrow klass base: 0x0000011b03000000, Narrow klass shift: 0
Encoding Range: [0x0000011b03000000 - 0x0000011c03000000), (4294967296 bytes)
Klass Range:    [0x0000011b03000000 - 0x0000011b44000000), (1090519040 bytes)
Klass ID Range:  [8 - 1090519033) (1090519025)

GC Precious Log:
 CardTable entry size: 512
 Card Set container configuration: InlinePtr #cards 5 size 8 Array Of Cards #cards 10 size 36 Howl #buckets 4 coarsen threshold 1843 Howl Bitmap #cards 512 size 80 coarsen threshold 460 Card regions per heap region 1 cards per card region 2048
 CPUs: 2 total, 2 available
 Memory: 3902M
 Large Page Support: Disabled
 NUMA Support: Disabled
 Compressed Oops: Enabled (32-bit)
 Heap Region Size: 1M
 Heap Min Capacity: 8M
 Heap Initial Capacity: 62M
 Heap Max Capacity: 976M
 Pre-touch: Disabled
 Parallel Workers: 2
 Concurrent Workers: 1
 Concurrent Refinement Workers: 2
 Periodic GC: Disabled

Heap:
 garbage-first heap   total reserved 999424K, committed 99328K, used 66494K [0x00000000c3000000, 0x0000000100000000)
  region size 1024K, 7 young (7168K), 4 survivors (4096K)
 Metaspace       used 25633K, committed 25984K, reserved 1114112K
  class space    used 2991K, committed 3136K, reserved 1048576K

Heap Regions: E=young(eden), S=young(survivor), O=old, HS=humongous(starts), HC=humongous(continues), CS=collection set, F=free, TAMS=top-at-mark-start, PB=parsable bottom
|   0|0x00000000c3000000, 0x00000000c3100000, 0x00000000c3100000|100%| O|  |TAMS 0x00000000c3000000| PB 0x00000000c3000000| Untracked |  0
|   1|0x00000000c3100000, 0x00000000c3200000, 0x00000000c3200000|100%| O|  |TAMS 0x00000000c3100000| PB 0x00000000c3100000| Untracked |  0
|   2|0x00000000c3200000, 0x00000000c3300000, 0x00000000c3300000|100%| O|  |TAMS 0x00000000c3200000| PB 0x00000000c3200000| Untracked |  1
|   3|0x00000000c3300000, 0x00000000c3400000, 0x00000000c3400000|100%| O|  |TAMS 0x00000000c3300000| PB 0x00000000c3300000| Untracked |  0
|   4|0x00000000c3400000, 0x00000000c3500000, 0x00000000c3500000|100%| O|  |TAMS 0x00000000c3400000| PB 0x00000000c3400000| Untracked |  0
|   5|0x00000000c3500000, 0x00000000c3600000, 0x00000000c3600000|100%|HS|  |TAMS 0x00000000c3500000| PB 0x00000000c3500000| Complete |  0
|   6|0x00000000c3600000, 0x00000000c3700000, 0x00000000c3700000|100%|HC|  |TAMS 0x00000000c3600000| PB 0x00000000c3600000| Complete |  0
|   7|0x00000000c3700000, 0x00000000c3700000, 0x00000000c3800000|  0%| F|  |TAMS 0x00000000c3700000| PB 0x00000000c3700000| Untracked |  0
|   8|0x00000000c3800000, 0x00000000c3900000, 0x00000000c3900000|100%|HS|  |TAMS 0x00000000c3800000| PB 0x00000000c3800000| Complete |  0
|   9|0x00000000c3900000, 0x00000000c3a00000, 0x00000000c3a00000|100%|HC|  |TAMS 0x00000000c3900000| PB 0x00000000c3900000| Complete |  0
|  10|0x00000000c3a00000, 0x00000000c3b00000, 0x00000000c3b00000|100%|HC|  |TAMS 0x00000000c3a00000| PB 0x00000000c3a00000| Complete |  0
|  11|0x00000000c3b00000, 0x00000000c3c00000, 0x00000000c3c00000|100%|HC|  |TAMS 0x00000000c3b00000| PB 0x00000000c3b00000| Complete |  0
|  12|0x00000000c3c00000, 0x00000000c3d00000, 0x00000000c3d00000|100%|HC|  |TAMS 0x00000000c3c00000| PB 0x00000000c3c00000| Complete |  0
|  13|0x00000000c3d00000, 0x00000000c3e00000, 0x00000000c3e00000|100%|HC|  |TAMS 0x00000000c3d00000| PB 0x00000000c3d00000| Complete |  0
|  14|0x00000000c3e00000, 0x00000000c3f00000, 0x00000000c3f00000|100%|HC|  |TAMS 0x00000000c3e00000| PB 0x00000000c3e00000| Complete |  0
|  15|0x00000000c3f00000, 0x00000000c4000000, 0x00000000c4000000|100%|HC|  |TAMS 0x00000000c3f00000| PB 0x00000000c3f00000| Complete |  0
|  16|0x00000000c4000000, 0x00000000c4100000, 0x00000000c4100000|100%|HC|  |TAMS 0x00000000c4000000| PB 0x00000000c4000000| Complete |  0
|  17|0x00000000c4100000, 0x00000000c4200000, 0x00000000c4200000|100%|HC|  |TAMS 0x00000000c4100000| PB 0x00000000c4100000| Complete |  0
|  18|0x00000000c4200000, 0x00000000c4300000, 0x00000000c4300000|100%|HC|  |TAMS 0x00000000c4200000| PB 0x00000000c4200000| Complete |  0
|  19|0x00000000c4300000, 0x00000000c4400000, 0x00000000c4400000|100%|HC|  |TAMS 0x00000000c4300000| PB 0x00000000c4300000| Complete |  0
|  20|0x00000000c4400000, 0x00000000c4500000, 0x00000000c4500000|100%|HC|  |TAMS 0x00000000c4400000| PB 0x00000000c4400000| Complete |  0
|  21|0x00000000c4500000, 0x00000000c4600000, 0x00000000c4600000|100%|HC|  |TAMS 0x00000000c4500000| PB 0x00000000c4500000| Complete |  0
|  22|0x00000000c4600000, 0x00000000c4700000, 0x00000000c4700000|100%|HC|  |TAMS 0x00000000c4600000| PB 0x00000000c4600000| Complete |  0
|  23|0x00000000c4700000, 0x00000000c4800000, 0x00000000c4800000|100%|HS|  |TAMS 0x00000000c4700000| PB 0x00000000c4700000| Complete |  0
|  24|0x00000000c4800000, 0x00000000c4900000, 0x00000000c4900000|100%|HC|  |TAMS 0x00000000c4800000| PB 0x00000000c4800000| Complete |  0
|  25|0x00000000c4900000, 0x00000000c4a00000, 0x00000000c4a00000|100%|HC|  |TAMS 0x00000000c4900000| PB 0x00000000c4900000| Complete |  0
|  26|0x00000000c4a00000, 0x00000000c4b00000, 0x00000000c4b00000|100%|HC|  |TAMS 0x00000000c4a00000| PB 0x00000000c4a00000| Complete |  0
|  27|0x00000000c4b00000, 0x00000000c4c00000, 0x00000000c4c00000|100%|HS|  |TAMS 0x00000000c4b00000| PB 0x00000000c4b00000| Complete |  0
|  28|0x00000000c4c00000, 0x00000000c4d00000, 0x00000000c4d00000|100%|HC|  |TAMS 0x00000000c4c00000| PB 0x00000000c4c00000| Complete |  0
|  29|0x00000000c4d00000, 0x00000000c4e00000, 0x00000000c4e00000|100%|HC|  |TAMS 0x00000000c4d00000| PB 0x00000000c4d00000| Complete |  0
|  30|0x00000000c4e00000, 0x00000000c4f00000, 0x00000000c4f00000|100%|HC|  |TAMS 0x00000000c4e00000| PB 0x00000000c4e00000| Complete |  0
|  31|0x00000000c4f00000, 0x00000000c5000000, 0x00000000c5000000|100%| O|  |TAMS 0x00000000c4f00000| PB 0x00000000c4f00000| Untracked |  0
|  32|0x00000000c5000000, 0x00000000c5100000, 0x00000000c5100000|100%| O|  |TAMS 0x00000000c5000000| PB 0x00000000c5000000| Untracked |  0
|  33|0x00000000c5100000, 0x00000000c5200000, 0x00000000c5200000|100%| O|  |TAMS 0x00000000c5100000| PB 0x00000000c5100000| Untracked |  0
|  34|0x00000000c5200000, 0x00000000c52ef880, 0x00000000c5300000| 93%| O|  |TAMS 0x00000000c5200000| PB 0x00000000c5200000| Untracked |  0
|  35|0x00000000c5300000, 0x00000000c5400000, 0x00000000c5400000|100%|HS|  |TAMS 0x00000000c5300000| PB 0x00000000c5300000| Complete |  0
|  36|0x00000000c5400000, 0x00000000c5500000, 0x00000000c5500000|100%|HC|  |TAMS 0x00000000c5400000| PB 0x00000000c5400000| Complete |  0
|  37|0x00000000c5500000, 0x00000000c5600000, 0x00000000c5600000|100%|HC|  |TAMS 0x00000000c5500000| PB 0x00000000c5500000| Complete |  0
|  38|0x00000000c5600000, 0x00000000c5700000, 0x00000000c5700000|100%|HC|  |TAMS 0x00000000c5600000| PB 0x00000000c5600000| Complete |  0
|  39|0x00000000c5700000, 0x00000000c5700000, 0x00000000c5800000|  0%| F|  |TAMS 0x00000000c5700000| PB 0x00000000c5700000| Untracked |  0
|  40|0x00000000c5800000, 0x00000000c5800000, 0x00000000c5900000|  0%| F|  |TAMS 0x00000000c5800000| PB 0x00000000c5800000| Untracked |  0
|  41|0x00000000c5900000, 0x00000000c5900000, 0x00000000c5a00000|  0%| F|  |TAMS 0x00000000c5900000| PB 0x00000000c5900000| Untracked |  0
|  42|0x00000000c5a00000, 0x00000000c5b00000, 0x00000000c5b00000|100%| S|CS|TAMS 0x00000000c5a00000| PB 0x00000000c5a00000| Complete |  0
|  43|0x00000000c5b00000, 0x00000000c5c00000, 0x00000000c5c00000|100%| S|CS|TAMS 0x00000000c5b00000| PB 0x00000000c5b00000| Complete |  0
|  44|0x00000000c5c00000, 0x00000000c5d00000, 0x00000000c5d00000|100%| S|CS|TAMS 0x00000000c5c00000| PB 0x00000000c5c00000| Complete |  0
|  45|0x00000000c5d00000, 0x00000000c5e00000, 0x00000000c5e00000|100%|HS|  |TAMS 0x00000000c5d00000| PB 0x00000000c5d00000| Complete |  0
|  46|0x00000000c5e00000, 0x00000000c5f00000, 0x00000000c5f00000|100%|HC|  |TAMS 0x00000000c5e00000| PB 0x00000000c5e00000| Complete |  0
|  47|0x00000000c5f00000, 0x00000000c6000000, 0x00000000c6000000|100%|HC|  |TAMS 0x00000000c5f00000| PB 0x00000000c5f00000| Complete |  0
|  48|0x00000000c6000000, 0x00000000c6100000, 0x00000000c6100000|100%|HC|  |TAMS 0x00000000c6000000| PB 0x00000000c6000000| Complete |  0
|  49|0x00000000c6100000, 0x00000000c6200000, 0x00000000c6200000|100%|HS|  |TAMS 0x00000000c6100000| PB 0x00000000c6100000| Complete |  0
|  50|0x00000000c6200000, 0x00000000c6300000, 0x00000000c6300000|100%|HC|  |TAMS 0x00000000c6200000| PB 0x00000000c6200000| Complete |  0
|  51|0x00000000c6300000, 0x00000000c6400000, 0x00000000c6400000|100%|HC|  |TAMS 0x00000000c6300000| PB 0x00000000c6300000| Complete |  0
|  52|0x00000000c6400000, 0x00000000c6500000, 0x00000000c6500000|100%|HC|  |TAMS 0x00000000c6400000| PB 0x00000000c6400000| Complete |  0
|  53|0x00000000c6500000, 0x00000000c6600000, 0x00000000c6600000|100%|HS|  |TAMS 0x00000000c6500000| PB 0x00000000c6500000| Complete |  0
|  54|0x00000000c6600000, 0x00000000c6700000, 0x00000000c6700000|100%|HC|  |TAMS 0x00000000c6600000| PB 0x00000000c6600000| Complete |  0
|  55|0x00000000c6700000, 0x00000000c6800000, 0x00000000c6800000|100%|HC|  |TAMS 0x00000000c6700000| PB 0x00000000c6700000| Complete |  0
|  56|0x00000000c6800000, 0x00000000c6900000, 0x00000000c6900000|100%|HC|  |TAMS 0x00000000c6800000| PB 0x00000000c6800000| Complete |  0
|  57|0x00000000c6900000, 0x00000000c6a00000, 0x00000000c6a00000|100%|HS|  |TAMS 0x00000000c6900000| PB 0x00000000c6900000| Complete |  0
|  58|0x00000000c6a00000, 0x00000000c6b00000, 0x00000000c6b00000|100%|HC|  |TAMS 0x00000000c6a00000| PB 0x00000000c6a00000| Complete |  0
|  59|0x00000000c6b00000, 0x00000000c6c00000, 0x00000000c6c00000|100%|HC|  |TAMS 0x00000000c6b00000| PB 0x00000000c6b00000| Complete |  0
|  60|0x00000000c6c00000, 0x00000000c6d00000, 0x00000000c6d00000|100%|HC|  |TAMS 0x00000000c6c00000| PB 0x00000000c6c00000| Complete |  0
|  61|0x00000000c6d00000, 0x00000000c6e00000, 0x00000000c6e00000|100%| S|CS|TAMS 0x00000000c6d00000| PB 0x00000000c6d00000| Complete |  0
|  62|0x00000000c6e00000, 0x00000000c6e00000, 0x00000000c6f00000|  0%| F|  |TAMS 0x00000000c6e00000| PB 0x00000000c6e00000| Untracked |  0
|  63|0x00000000c6f00000, 0x00000000c6f00000, 0x00000000c7000000|  0%| F|  |TAMS 0x00000000c6f00000| PB 0x00000000c6f00000| Untracked |  0
|  64|0x00000000c7000000, 0x00000000c7000000, 0x00000000c7100000|  0%| F|  |TAMS 0x00000000c7000000| PB 0x00000000c7000000| Untracked |  0
|  65|0x00000000c7100000, 0x00000000c7100000, 0x00000000c7200000|  0%| F|  |TAMS 0x00000000c7100000| PB 0x00000000c7100000| Untracked |  0
|  66|0x00000000c7200000, 0x00000000c7200000, 0x00000000c7300000|  0%| F|  |TAMS 0x00000000c7200000| PB 0x00000000c7200000| Untracked |  0
|  67|0x00000000c7300000, 0x00000000c7300000, 0x00000000c7400000|  0%| F|  |TAMS 0x00000000c7300000| PB 0x00000000c7300000| Untracked |  0
|  68|0x00000000c7400000, 0x00000000c7400000, 0x00000000c7500000|  0%| F|  |TAMS 0x00000000c7400000| PB 0x00000000c7400000| Untracked |  0
|  69|0x00000000c7500000, 0x00000000c7500000, 0x00000000c7600000|  0%| F|  |TAMS 0x00000000c7500000| PB 0x00000000c7500000| Untracked |  0
|  70|0x00000000c7600000, 0x00000000c7600000, 0x00000000c7700000|  0%| F|  |TAMS 0x00000000c7600000| PB 0x00000000c7600000| Untracked |  0
|  71|0x00000000c7700000, 0x00000000c7700000, 0x00000000c7800000|  0%| F|  |TAMS 0x00000000c7700000| PB 0x00000000c7700000| Untracked |  0
|  72|0x00000000c7800000, 0x00000000c7800000, 0x00000000c7900000|  0%| F|  |TAMS 0x00000000c7800000| PB 0x00000000c7800000| Untracked |  0
|  73|0x00000000c7900000, 0x00000000c7900000, 0x00000000c7a00000|  0%| F|  |TAMS 0x00000000c7900000| PB 0x00000000c7900000| Untracked |  0
|  74|0x00000000c7a00000, 0x00000000c7a00000, 0x00000000c7b00000|  0%| F|  |TAMS 0x00000000c7a00000| PB 0x00000000c7a00000| Untracked |  0
|  75|0x00000000c7b00000, 0x00000000c7b00000, 0x00000000c7c00000|  0%| F|  |TAMS 0x00000000c7b00000| PB 0x00000000c7b00000| Untracked |  0
|  76|0x00000000c7c00000, 0x00000000c7c00000, 0x00000000c7d00000|  0%| F|  |TAMS 0x00000000c7c00000| PB 0x00000000c7c00000| Untracked |  0
|  77|0x00000000c7d00000, 0x00000000c7d00000, 0x00000000c7e00000|  0%| F|  |TAMS 0x00000000c7d00000| PB 0x00000000c7d00000| Untracked |  0
|  78|0x00000000c7e00000, 0x00000000c7e00000, 0x00000000c7f00000|  0%| F|  |TAMS 0x00000000c7e00000| PB 0x00000000c7e00000| Untracked |  0
|  79|0x00000000c7f00000, 0x00000000c7f00000, 0x00000000c8000000|  0%| F|  |TAMS 0x00000000c7f00000| PB 0x00000000c7f00000| Untracked |  0
|  80|0x00000000c8000000, 0x00000000c8000000, 0x00000000c8100000|  0%| F|  |TAMS 0x00000000c8000000| PB 0x00000000c8000000| Untracked |  0
|  81|0x00000000c8100000, 0x00000000c8100000, 0x00000000c8200000|  0%| F|  |TAMS 0x00000000c8100000| PB 0x00000000c8100000| Untracked |  0
|  82|0x00000000c8200000, 0x00000000c8200000, 0x00000000c8300000|  0%| F|  |TAMS 0x00000000c8200000| PB 0x00000000c8200000| Untracked |  0
|  83|0x00000000c8300000, 0x00000000c8300000, 0x00000000c8400000|  0%| F|  |TAMS 0x00000000c8300000| PB 0x00000000c8300000| Untracked |  0
|  84|0x00000000c8400000, 0x00000000c8400000, 0x00000000c8500000|  0%| F|  |TAMS 0x00000000c8400000| PB 0x00000000c8400000| Untracked |  0
|  85|0x00000000c8500000, 0x00000000c8500000, 0x00000000c8600000|  0%| F|  |TAMS 0x00000000c8500000| PB 0x00000000c8500000| Untracked |  0
|  86|0x00000000c8600000, 0x00000000c8600000, 0x00000000c8700000|  0%| F|  |TAMS 0x00000000c8600000| PB 0x00000000c8600000| Untracked |  0
|  87|0x00000000c8700000, 0x00000000c8700000, 0x00000000c8800000|  0%| F|  |TAMS 0x00000000c8700000| PB 0x00000000c8700000| Untracked |  0
|  88|0x00000000c8800000, 0x00000000c8800000, 0x00000000c8900000|  0%| F|  |TAMS 0x00000000c8800000| PB 0x00000000c8800000| Untracked |  0
|  89|0x00000000c8900000, 0x00000000c8a00000, 0x00000000c8a00000|100%| E|  |TAMS 0x00000000c8900000| PB 0x00000000c8900000| Complete |  0
|  90|0x00000000c8a00000, 0x00000000c8b00000, 0x00000000c8b00000|100%| E|CS|TAMS 0x00000000c8a00000| PB 0x00000000c8a00000| Complete |  0
| 970|0x00000000ffa00000, 0x00000000ffb00000, 0x00000000ffb00000|100%| O|  |TAMS 0x00000000ffa00000| PB 0x00000000ffa00000| Untracked |  0
| 971|0x00000000ffb00000, 0x00000000ffc00000, 0x00000000ffc00000|100%| O|  |TAMS 0x00000000ffb00000| PB 0x00000000ffb00000| Untracked |  0
| 972|0x00000000ffc00000, 0x00000000ffd00000, 0x00000000ffd00000|100%| O|  |TAMS 0x00000000ffc00000| PB 0x00000000ffc00000| Untracked |  0
| 973|0x00000000ffd00000, 0x00000000ffe00000, 0x00000000ffe00000|100%| O|  |TAMS 0x00000000ffd00000| PB 0x00000000ffd00000| Untracked |  0
| 974|0x00000000ffe00000, 0x00000000fff00000, 0x00000000fff00000|100%| O|  |TAMS 0x00000000ffe00000| PB 0x00000000ffe00000| Untracked |  0
| 975|0x00000000fff00000, 0x0000000100000000, 0x0000000100000000|100%| E|CS|TAMS 0x00000000fff00000| PB 0x00000000fff00000| Complete |  0

Card table byte_map: [0x0000011b68280000,0x0000011b68470000] _byte_map_base: 0x0000011b67c68000

Marking Bits: (CMBitMap*) 0x0000011b684d6770
 Bits: [0x0000011b00000000, 0x0000011b00f40000)

Polling page: 0x0000011b66520000

Metaspace:

Usage:
  Non-class:     22.11 MB used.
      Class:      2.92 MB used.
       Both:     25.03 MB used.

Virtual space:
  Non-class space:       64.00 MB reserved,      22.31 MB ( 35%) committed,  1 nodes.
      Class space:        1.00 GB reserved,       3.06 MB ( <1%) committed,  1 nodes.
             Both:        1.06 GB reserved,      25.38 MB (  2%) committed. 

Chunk freelists:
   Non-Class:  8.75 MB
       Class:  12.80 MB
        Both:  21.55 MB

MaxMetaspaceSize: unlimited
CompressedClassSpaceSize: 1.00 GB
Initial GC threshold: 21.00 MB
Current GC threshold: 37.94 MB
CDS: on
 - commit_granule_bytes: 65536.
 - commit_granule_words: 8192.
 - virtual_space_node_default_size: 8388608.
 - enlarge_chunks_in_place: 1.
UseCompressedClassPointers 1, UseCompactObjectHeaders 0
Narrow klass pointer bits 32, Max shift 3
Narrow klass base: 0x0000011b03000000, Narrow klass shift: 0
Encoding Range: [0x0000011b03000000 - 0x0000011c03000000), (4294967296 bytes)
Klass Range:    [0x0000011b03000000 - 0x0000011b44000000), (1090519040 bytes)
Klass ID Range:  [8 - 1090519033) (1090519025)


Internal statistics:

num_allocs_failed_limit: 3.
num_arena_births: 344.
num_arena_deaths: 0.
num_vsnodes_births: 2.
num_vsnodes_deaths: 0.
num_space_committed: 406.
num_space_uncommitted: 0.
num_chunks_returned_to_freelist: 3.
num_chunks_taken_from_freelist: 1071.
num_chunk_merges: 3.
num_chunk_splits: 719.
num_chunks_enlarged: 536.
num_inconsistent_stats: 0.

CodeHeap 'non-profiled nmethods': size=120128Kb used=2380Kb max_used=2380Kb free=117747Kb
 bounds [0x0000011b78800000, 0x0000011b78a70000, 0x0000011b7fd50000]
CodeHeap 'profiled nmethods': size=120000Kb used=10544Kb max_used=10544Kb free=109455Kb
 bounds [0x0000011b70d50000, 0x0000011b717a0000, 0x0000011b78280000]
CodeHeap 'non-nmethods': size=5632Kb used=1717Kb max_used=1835Kb free=3914Kb
 bounds [0x0000011b78280000, 0x0000011b784f0000, 0x0000011b78800000]
CodeCache: size=245760Kb, used=14641Kb, max_used=14759Kb, free=231116Kb
 total_blobs=6735, nmethods=5852, adapters=788, full_count=0
Compilation: enabled, stopped_count=0, restarted_count=0

Compilation events (20 events):
Event: 262.277 Thread 0x0000011b44136770 nmethod 6246 0x0000011b71798d08 code [0x0000011b71798e20, 0x0000011b71798f30]
Event: 262.293 Thread 0x0000011b44136770 6247       3       com.sun.javafx.css.StyleCacheEntry::put (32 bytes)
Event: 262.294 Thread 0x0000011b44136770 nmethod 6247 0x0000011b71799008 code [0x0000011b71799160, 0x0000011b717994f8]
Event: 262.295 Thread 0x0000011b44136770 6249       3       javafx.geometry.Insets::hashCode (83 bytes)
Event: 262.295 Thread 0x0000011b44136770 nmethod 6249 0x0000011b71799588 code [0x0000011b71799700, 0x0000011b71799ea0]
Event: 262.295 Thread 0x0000011b44136770 6248       3       javafx.scene.layout.CornerRadii::preComputeHash (420 bytes)
Event: 262.298 Thread 0x0000011b44136770 nmethod 6248 0x0000011b71799f08 code [0x0000011b7179a120, 0x0000011b7179b538]
Event: 262.438 Thread 0x0000011b44136770 6250       3       javafx.scene.paint.Stop::hashCode (56 bytes)
Event: 262.439 Thread 0x0000011b44136770 nmethod 6250 0x0000011b7179b588 code [0x0000011b7179b6c0, 0x0000011b7179ba88]
Event: 262.815 Thread 0x0000011b6856dc80 6251       4       javafx.scene.input.MouseEvent::copyFor (18 bytes)
Event: 262.843 Thread 0x0000011b44136770 6253       3       com.sun.javafx.scene.control.inputmap.InputMap::getInterceptor (11 bytes)
Event: 262.843 Thread 0x0000011b44136770 nmethod 6253 0x0000011b7179bb08 code [0x0000011b7179bc40, 0x0000011b7179c030]
Event: 262.852 Thread 0x0000011b6856dc80 nmethod 6251 0x0000011b78a4df88 code [0x0000011b78a4e1c0, 0x0000011b78a4f078]
Event: 262.852 Thread 0x0000011b6856dc80 6252   !   4       java.util.concurrent.locks.AbstractQueuedSynchronizer::acquire (448 bytes)
Event: 262.891 Thread 0x0000011b6856dc80 nmethod 6252 0x0000011b78a4f288 code [0x0000011b78a4f4e0, 0x0000011b78a50c78]
Event: 287.329 Thread 0x0000011b6856dc80 6254       4       com.sun.javafx.tk.quantum.QuantumToolkit::postPulse (133 bytes)
Event: 287.366 Thread 0x0000011b6856dc80 nmethod 6254 0x0000011b78a50d08 code [0x0000011b78a50f20, 0x0000011b78a528f8]
Event: 365.002 Thread 0x0000011b6856dc80 6255       4       com.sun.javafx.sg.prism.NGRegion::renderContent (115 bytes)
Event: 365.016 Thread 0x0000011b6856dc80 nmethod 6255 0x0000011b78a52b08 code [0x0000011b78a52cc0, 0x0000011b78a53050]
Event: 365.018 Thread 0x0000011b6856dc80 6256       4       com.sun.javafx.geom.transform.AffineBase::doTransform (657 bytes)

GC Heap History (18 events):
Event: 1.922 GC heap before
{Heap before GC invocations=0 (full 0):
 garbage-first heap   total reserved 999424K, committed 65536K, used 14452K [0x00000000c3000000, 0x0000000100000000)
  region size 1024K, 14 young (14336K), 0 survivors (0K)
 Metaspace       used 1444K, committed 1664K, reserved 1114112K
  class space    used 98K, committed 192K, reserved 1048576K
}
Event: 1.927 GC heap after
{Heap after GC invocations=1 (full 0):
 garbage-first heap   total reserved 999424K, committed 65536K, used 2324K [0x00000000c3000000, 0x0000000100000000)
  region size 1024K, 2 young (2048K), 2 survivors (2048K)
 Metaspace       used 1444K, committed 1664K, reserved 1114112K
  class space    used 98K, committed 192K, reserved 1048576K
}
Event: 4.290 GC heap before
{Heap before GC invocations=1 (full 0):
 garbage-first heap   total reserved 999424K, committed 65536K, used 27924K [0x00000000c3000000, 0x0000000100000000)
  region size 1024K, 28 young (28672K), 2 survivors (2048K)
 Metaspace       used 8444K, committed 8640K, reserved 1114112K
  class space    used 839K, committed 960K, reserved 1048576K
}
Event: 4.314 GC heap after
{Heap after GC invocations=2 (full 0):
 garbage-first heap   total reserved 999424K, committed 65536K, used 5741K [0x00000000c3000000, 0x0000000100000000)
  region size 1024K, 4 young (4096K), 4 survivors (4096K)
 Metaspace       used 8444K, committed 8640K, reserved 1114112K
  class space    used 839K, committed 960K, reserved 1048576K
}
Event: 6.451 GC heap before
{Heap before GC invocations=2 (full 0):
 garbage-first heap   total reserved 999424K, committed 65536K, used 33389K [0x00000000c3000000, 0x0000000100000000)
  region size 1024K, 32 young (32768K), 4 survivors (4096K)
 Metaspace       used 13469K, committed 13696K, reserved 1114112K
  class space    used 1745K, committed 1856K, reserved 1048576K
}
Event: 6.481 GC heap after
{Heap after GC invocations=3 (full 0):
 garbage-first heap   total reserved 999424K, committed 65536K, used 7877K [0x00000000c3000000, 0x0000000100000000)
  region size 1024K, 2 young (2048K), 2 survivors (2048K)
 Metaspace       used 13469K, committed 13696K, reserved 1114112K
  class space    used 1745K, committed 1856K, reserved 1048576K
}
Event: 66.403 GC heap before
{Heap before GC invocations=3 (full 0):
 garbage-first heap   total reserved 999424K, committed 65536K, used 35525K [0x00000000c3000000, 0x0000000100000000)
  region size 1024K, 29 young (29696K), 2 survivors (2048K)
 Metaspace       used 21252K, committed 21504K, reserved 1114112K
  class space    used 2474K, committed 2560K, reserved 1048576K
}
Event: 66.432 GC heap after
{Heap after GC invocations=4 (full 0):
 garbage-first heap   total reserved 999424K, committed 65536K, used 12877K [0x00000000c3000000, 0x0000000100000000)
  region size 1024K, 4 young (4096K), 4 survivors (4096K)
 Metaspace       used 21252K, committed 21504K, reserved 1114112K
  class space    used 2474K, committed 2560K, reserved 1048576K
}
Event: 125.683 GC heap before
{Heap before GC invocations=5 (full 0):
 garbage-first heap   total reserved 999424K, committed 64512K, used 63053K [0x00000000c3000000, 0x0000000100000000)
  region size 1024K, 10 young (10240K), 4 survivors (4096K)
 Metaspace       used 21939K, committed 22336K, reserved 1114112K
  class space    used 2556K, committed 2752K, reserved 1048576K
}
Event: 125.700 GC heap after
{Heap after GC invocations=6 (full 0):
 garbage-first heap   total reserved 999424K, committed 69632K, used 57833K [0x00000000c3000000, 0x0000000100000000)
  region size 1024K, 1 young (1024K), 1 survivors (1024K)
 Metaspace       used 21939K, committed 22336K, reserved 1114112K
  class space    used 2556K, committed 2752K, reserved 1048576K
}
Event: 208.209 GC heap before
{Heap before GC invocations=6 (full 0):
 garbage-first heap   total reserved 999424K, committed 69632K, used 62953K [0x00000000c3000000, 0x0000000100000000)
  region size 1024K, 6 young (6144K), 1 survivors (1024K)
 Metaspace       used 22545K, committed 22912K, reserved 1114112K
  class space    used 2668K, committed 2816K, reserved 1048576K
}
Event: 208.216 GC heap after
{Heap after GC invocations=7 (full 0):
 garbage-first heap   total reserved 999424K, committed 69632K, used 58219K [0x00000000c3000000, 0x0000000100000000)
  region size 1024K, 1 young (1024K), 1 survivors (1024K)
 Metaspace       used 22545K, committed 22912K, reserved 1114112K
  class space    used 2668K, committed 2816K, reserved 1048576K
}
Event: 210.394 GC heap before
{Heap before GC invocations=7 (full 0):
 garbage-first heap   total reserved 999424K, committed 69632K, used 62315K [0x00000000c3000000, 0x0000000100000000)
  region size 1024K, 6 young (6144K), 1 survivors (1024K)
 Metaspace       used 22987K, committed 23296K, reserved 1114112K
  class space    used 2731K, committed 2880K, reserved 1048576K
}
Event: 210.400 GC heap after
{Heap after GC invocations=8 (full 0):
 garbage-first heap   total reserved 999424K, committed 69632K, used 58318K [0x00000000c3000000, 0x0000000100000000)
  region size 1024K, 1 young (1024K), 1 survivors (1024K)
 Metaspace       used 22987K, committed 23296K, reserved 1114112K
  class space    used 2731K, committed 2880K, reserved 1048576K
}
Event: 210.595 GC heap before
{Heap before GC invocations=9 (full 0):
 garbage-first heap   total reserved 999424K, committed 99328K, used 61390K [0x00000000c3000000, 0x0000000100000000)
  region size 1024K, 4 young (4096K), 1 survivors (1024K)
 Metaspace       used 23014K, committed 23424K, reserved 1114112K
  class space    used 2731K, committed 2880K, reserved 1048576K
}
Event: 210.598 GC heap after
{Heap after GC invocations=10 (full 0):
 garbage-first heap   total reserved 999424K, committed 99328K, used 58399K [0x00000000c3000000, 0x0000000100000000)
  region size 1024K, 1 young (1024K), 1 survivors (1024K)
 Metaspace       used 23014K, committed 23424K, reserved 1114112K
  class space    used 2731K, committed 2880K, reserved 1048576K
}
Event: 243.500 GC heap before
{Heap before GC invocations=10 (full 0):
 garbage-first heap   total reserved 999424K, committed 99328K, used 87071K [0x00000000c3000000, 0x0000000100000000)
  region size 1024K, 30 young (30720K), 1 survivors (1024K)
 Metaspace       used 25557K, committed 25920K, reserved 1114112K
  class space    used 2986K, committed 3136K, reserved 1048576K
}
Event: 243.523 GC heap after
{Heap after GC invocations=11 (full 0):
 garbage-first heap   total reserved 999424K, committed 99328K, used 64446K [0x00000000c3000000, 0x0000000100000000)
  region size 1024K, 4 young (4096K), 4 survivors (4096K)
 Metaspace       used 25557K, committed 25920K, reserved 1114112K
  class space    used 2986K, committed 3136K, reserved 1048576K
}

Dll operation events (20 events):
Event: 2.496 Loaded shared library C:\Users\Mirell\.openjfx\cache\17.0.1\api-ms-win-crt-heap-l1-1-0.dll
Event: 2.509 Loaded shared library C:\Users\Mirell\.openjfx\cache\17.0.1\api-ms-win-crt-locale-l1-1-0.dll
Event: 2.520 Loaded shared library C:\Users\Mirell\.openjfx\cache\17.0.1\api-ms-win-crt-math-l1-1-0.dll
Event: 2.530 Loaded shared library C:\Users\Mirell\.openjfx\cache\17.0.1\api-ms-win-crt-multibyte-l1-1-0.dll
Event: 2.547 Loaded shared library C:\Users\Mirell\.openjfx\cache\17.0.1\api-ms-win-crt-private-l1-1-0.dll
Event: 2.562 Loaded shared library C:\Users\Mirell\.openjfx\cache\17.0.1\api-ms-win-crt-process-l1-1-0.dll
Event: 2.592 Loaded shared library C:\Users\Mirell\.openjfx\cache\17.0.1\api-ms-win-crt-runtime-l1-1-0.dll
Event: 2.604 Loaded shared library C:\Users\Mirell\.openjfx\cache\17.0.1\api-ms-win-crt-stdio-l1-1-0.dll
Event: 2.623 Loaded shared library C:\Users\Mirell\.openjfx\cache\17.0.1\api-ms-win-crt-string-l1-1-0.dll
Event: 2.636 Loaded shared library C:\Users\Mirell\.openjfx\cache\17.0.1\api-ms-win-crt-time-l1-1-0.dll
Event: 2.647 Loaded shared library C:\Users\Mirell\.openjfx\cache\17.0.1\api-ms-win-crt-utility-l1-1-0.dll
Event: 2.693 Loaded shared library C:\Users\Mirell\.openjfx\cache\17.0.1\ucrtbase.dll
Event: 2.709 Loaded shared library C:\Users\Mirell\.openjfx\cache\17.0.1\vcruntime140.dll
Event: 2.722 Loaded shared library C:\Users\Mirell\.openjfx\cache\17.0.1\vcruntime140_1.dll
Event: 2.747 Loaded shared library C:\Users\Mirell\.openjfx\cache\17.0.1\msvcp140.dll
Event: 2.887 Loaded shared library C:\Users\Mirell\.openjfx\cache\17.0.1\prism_d3d.dll
Event: 3.051 Loaded shared library C:\Users\Mirell\.openjfx\cache\17.0.1\glass.dll
Event: 3.445 Loaded shared library C:\Program Files\Java\jdk-24\bin\jimage.dll
Event: 4.179 Loaded shared library C:\Users\Mirell\.openjfx\cache\17.0.1\javafx_font.dll
Event: 65.361 Loaded shared library C:\Program Files\Java\jdk-24\bin\sunmscapi.dll

Deoptimization events (20 events):
Event: 260.260 Thread 0x0000011b44e3eea0 Uncommon trap: trap_request=0xffffff4d fr.pc=0x0000011b78936274 relative=0x0000000000001534
Event: 260.260 Thread 0x0000011b44e3eea0 Uncommon trap: reason=unstable_if action=reinterpret pc=0x0000011b78936274 method=java.util.zip.InflaterInputStream.read([BII)I @ 94 c2
Event: 260.260 Thread 0x0000011b44e3eea0 DEOPT PACKING pc=0x0000011b78936274 sp=0x0000000d114fbc40
Event: 260.260 Thread 0x0000011b44e3eea0 DEOPT UNPACKING pc=0x0000011b783932fc sp=0x0000000d114fbca0 mode 2
Event: 262.438 Thread 0x0000011b44e3eea0 Uncommon trap: trap_request=0xffffffbe fr.pc=0x0000011b78a496ec relative=0x00000000000054ac
Event: 262.438 Thread 0x0000011b44e3eea0 Uncommon trap: reason=profile_predicate action=maybe_recompile pc=0x0000011b78a496ec method=javafx.scene.CssStyleHelper.transitionToState(Ljavafx/scene/Node;)V @ 291 c2
Event: 262.438 Thread 0x0000011b44e3eea0 DEOPT PACKING pc=0x0000011b78a496ec sp=0x0000000d114fe1b0
Event: 262.438 Thread 0x0000011b44e3eea0 DEOPT UNPACKING pc=0x0000011b783932fc sp=0x0000000d114fe148 mode 2
Event: 262.610 Thread 0x0000011b44e3eea0 Uncommon trap: trap_request=0xffffffbe fr.pc=0x0000011b78a496ec relative=0x00000000000054ac
Event: 262.610 Thread 0x0000011b44e3eea0 Uncommon trap: reason=profile_predicate action=maybe_recompile pc=0x0000011b78a496ec method=javafx.scene.CssStyleHelper.transitionToState(Ljavafx/scene/Node;)V @ 291 c2
Event: 262.610 Thread 0x0000011b44e3eea0 DEOPT PACKING pc=0x0000011b78a496ec sp=0x0000000d114fe270
Event: 262.610 Thread 0x0000011b44e3eea0 DEOPT UNPACKING pc=0x0000011b783932fc sp=0x0000000d114fe208 mode 2
Event: 262.824 Thread 0x0000011b44e3eea0 Uncommon trap: trap_request=0xffffffbe fr.pc=0x0000011b78a496ec relative=0x00000000000054ac
Event: 262.824 Thread 0x0000011b44e3eea0 Uncommon trap: reason=profile_predicate action=maybe_recompile pc=0x0000011b78a496ec method=javafx.scene.CssStyleHelper.transitionToState(Ljavafx/scene/Node;)V @ 291 c2
Event: 262.824 Thread 0x0000011b44e3eea0 DEOPT PACKING pc=0x0000011b78a496ec sp=0x0000000d114fe270
Event: 262.825 Thread 0x0000011b44e3eea0 DEOPT UNPACKING pc=0x0000011b783932fc sp=0x0000000d114fe208 mode 2
Event: 262.858 Thread 0x0000011b44e3eea0 Uncommon trap: trap_request=0xffffffbe fr.pc=0x0000011b78a496ec relative=0x00000000000054ac
Event: 262.858 Thread 0x0000011b44e3eea0 Uncommon trap: reason=profile_predicate action=maybe_recompile pc=0x0000011b78a496ec method=javafx.scene.CssStyleHelper.transitionToState(Ljavafx/scene/Node;)V @ 291 c2
Event: 262.858 Thread 0x0000011b44e3eea0 DEOPT PACKING pc=0x0000011b78a496ec sp=0x0000000d114fe270
Event: 262.858 Thread 0x0000011b44e3eea0 DEOPT UNPACKING pc=0x0000011b783932fc sp=0x0000000d114fe208 mode 2

Classes loaded (20 events):
Event: 243.272 Loading class java/util/OptionalInt
Event: 243.273 Loading class java/util/OptionalInt done
Event: 243.273 Loading class sun/net/www/http/KeepAliveStream
Event: 243.273 Loading class sun/net/www/http/Hurryable
Event: 243.273 Loading class sun/net/www/http/Hurryable done
Event: 243.273 Loading class sun/net/www/MeteredStream
Event: 243.274 Loading class sun/net/www/MeteredStream done
Event: 243.274 Loading class sun/net/www/http/KeepAliveStream done
Event: 243.274 Loading class sun/net/www/http/KeepAliveStreamCleaner
Event: 243.274 Loading class sun/net/www/http/KeepAliveStreamCleaner done
Event: 243.277 Loading class sun/net/www/protocol/http/HttpURLConnection$HttpInputStream
Event: 243.277 Loading class sun/net/www/protocol/http/HttpURLConnection$HttpInputStream done
Event: 243.278 Loading class sun/net/www/http/ChunkedInputStream
Event: 243.278 Loading class sun/net/www/http/ChunkedInputStream done
Event: 243.278 Loading class sun/net/www/http/KeepAliveCache$ClientVector
Event: 243.279 Loading class sun/net/www/http/KeepAliveCache$ClientVector done
Event: 243.279 Loading class jdk/internal/event/ThreadSleepEvent
Event: 243.279 Loading class jdk/internal/event/ThreadSleepEvent done
Event: 243.280 Loading class sun/net/www/http/KeepAliveEntry
Event: 243.280 Loading class sun/net/www/http/KeepAliveEntry done

Classes unloaded (0 events):
No events

Classes redefined (0 events):
No events

Internal exceptions (20 events):
Event: 65.457 Thread 0x0000011b44e3eea0 Exception <a 'java/lang/ClassNotFoundException'{0x00000000c5784b78}: jdk/net/ExtendedSocketOptions> (0x00000000c5784b78) 
thrown [s\open\src\hotspot\share\classfile\systemDictionary.cpp, line 327]
Event: 65.533 Thread 0x0000011b44e3eea0 Exception <a 'sun/nio/fs/WindowsException'{0x00000000c563f7c8}> (0x00000000c563f7c8) 
thrown [s\open\src\hotspot\share\prims\jni.cpp, line 518]
Event: 65.549 Thread 0x0000011b44e3eea0 Exception <a 'java/lang/NoSuchMethodError'{0x00000000c565ba40}: 'java.lang.Object java.lang.invoke.DirectMethodHandle$Holder.invokeSpecial(java.lang.Object, java.lang.Object, java.lang.Object, java.lang.Object, java.lang.Object, int)'> (0x00000000c565ba40) 
thrown [s\open\src\hotspot\share\interpreter\linkResolver.cpp, line 805]
Event: 65.550 Thread 0x0000011b44e3eea0 Exception <a 'java/lang/NoSuchMethodError'{0x00000000c566c6d0}: 'java.lang.Object java.lang.invoke.Invokers$Holder.linkToTargetMethod(java.lang.Object, java.lang.Object, int, java.lang.Object)'> (0x00000000c566c6d0) 
thrown [s\open\src\hotspot\share\interpreter\linkResolver.cpp, line 805]
Event: 65.615 Thread 0x0000011b44e3eea0 Exception <a 'java/lang/NoSuchMethodError'{0x00000000c5552190}: 'long java.lang.invoke.DirectMethodHandle$Holder.invokeStatic(java.lang.Object, long, long)'> (0x00000000c5552190) 
thrown [s\open\src\hotspot\share\interpreter\linkResolver.cpp, line 805]
Event: 65.629 Thread 0x0000011b4dbb25a0 Exception <a 'java/lang/NoSuchMethodError'{0x00000000c57d9c98}: 'int java.lang.invoke.DirectMethodHandle$Holder.invokeStatic(java.lang.Object, int, java.lang.Object)'> (0x00000000c57d9c98) 
thrown [s\open\src\hotspot\share\interpreter\linkResolver.cpp, line 805]
Event: 65.631 Thread 0x0000011b4dbb25a0 Exception <a 'java/lang/NoSuchMethodError'{0x00000000c57f0af0}: 'void java.lang.invoke.DirectMethodHandle$Holder.invokeStatic(java.lang.Object, java.lang.Object, int)'> (0x00000000c57f0af0) 
thrown [s\open\src\hotspot\share\interpreter\linkResolver.cpp, line 805]
Event: 66.579 Thread 0x0000011b4dd08f90 Exception <a 'java/lang/NoSuchMethodError'{0x00000000c5c3b348}: 'void java.lang.invoke.DirectMethodHandle$Holder.invokeSpecial(java.lang.Object, java.lang.Object, java.lang.Object, java.lang.Object, java.lang.Object, java.lang.Object, java.lang.Object)'> (0x00000000c5c3b348) 
thrown [s\open\src\hotspot\share\interpreter\linkResolver.cpp, line 805]
Event: 208.177 Thread 0x0000011b44db2860 Exception <a 'java/lang/NoSuchMethodError'{0x00000000c587a3a0}: 'java.lang.Object java.lang.invoke.DirectMethodHandle$Holder.invokeStaticInit(java.lang.Object, int)'> (0x00000000c587a3a0) 
thrown [s\open\src\hotspot\share\interpreter\linkResolver.cpp, line 805]
Event: 210.609 Thread 0x0000011b44e3eea0 Exception <a 'sun/nio/fs/WindowsException'{0x00000000fff58d90}> (0x00000000fff58d90) 
thrown [s\open\src\hotspot\share\prims\jni.cpp, line 518]
Event: 210.975 Thread 0x0000011b44e3eea0 Exception <a 'sun/nio/fs/WindowsException'{0x00000000c89cd458}> (0x00000000c89cd458) 
thrown [s\open\src\hotspot\share\prims\jni.cpp, line 518]
Event: 211.034 Thread 0x0000011b44e3eea0 Exception <a 'java/lang/ClassNotFoundException'{0x00000000c87492f0}: com/sun/javafx/scene/control/skin/resources/controls-nt> (0x00000000c87492f0) 
thrown [s\open\src\hotspot\share\prims\jni.cpp, line 536]
Event: 211.040 Thread 0x0000011b44e3eea0 Exception <a 'java/lang/ClassNotFoundException'{0x00000000c874d400}: com/sun/javafx/scene/control/skin/resources/controls-nt_pt> (0x00000000c874d400) 
thrown [s\open\src\hotspot\share\prims\jni.cpp, line 536]
Event: 211.040 Thread 0x0000011b44e3eea0 Exception <a 'java/lang/ClassNotFoundException'{0x00000000c874e508}: com/sun/javafx/scene/control/skin/resources/controls-nt_pt_BR> (0x00000000c874e508) 
thrown [s\open\src\hotspot\share\prims\jni.cpp, line 536]
Event: 211.637 Thread 0x0000011b44e3eea0 Exception <a 'java/lang/NoSuchMethodError'{0x00000000c8151ba8}: 'void java.lang.invoke.DirectMethodHandle$Holder.invokeSpecialIFC(java.lang.Object, java.lang.Object, java.lang.Object, java.lang.Object)'> (0x00000000c8151ba8) 
thrown [s\open\src\hotspot\share\interpreter\linkResolver.cpp, line 805]
Event: 215.062 Thread 0x0000011b44e3eea0 Implicit null exception at 0x0000011b7898e343 to 0x0000011b7898e758
Event: 215.288 Thread 0x0000011b44e3eea0 Implicit null exception at 0x0000011b788ec71c to 0x0000011b788ec780
Event: 243.192 Thread 0x0000011b44e3eea0 Implicit null exception at 0x0000011b78825ff4 to 0x0000011b78826c54
Event: 243.192 Thread 0x0000011b44e3eea0 Implicit null exception at 0x0000011b788d2717 to 0x0000011b788d2b10
Event: 243.801 Thread 0x0000011b44db2860 Implicit null exception at 0x0000011b78a22d3a to 0x0000011b78a22dc8

VM Operations (20 events):
Event: 216.873 Executing VM operation: HandshakeAllThreads (Deoptimize)
Event: 216.874 Executing VM operation: HandshakeAllThreads (Deoptimize) done
Event: 240.419 Executing VM operation: HandshakeAllThreads (HandshakeForDeflation)
Event: 240.419 Executing VM operation: HandshakeAllThreads (HandshakeForDeflation) done
Event: 240.419 Executing VM operation: RendezvousGCThreads
Event: 240.419 Executing VM operation: RendezvousGCThreads done
Event: 243.209 Executing VM operation: HandshakeAllThreads (Deoptimize)
Event: 243.209 Executing VM operation: HandshakeAllThreads (Deoptimize) done
Event: 243.276 Executing VM operation: HandshakeAllThreads (Deoptimize)
Event: 243.276 Executing VM operation: HandshakeAllThreads (Deoptimize) done
Event: 243.280 Executing VM operation: HandshakeAllThreads (Deoptimize)
Event: 243.280 Executing VM operation: HandshakeAllThreads (Deoptimize) done
Event: 243.433 Executing VM operation: HandshakeAllThreads (Deoptimize)
Event: 243.433 Executing VM operation: HandshakeAllThreads (Deoptimize) done
Event: 243.500 Executing VM operation: G1CollectForAllocation (G1 Evacuation Pause)
Event: 243.523 Executing VM operation: G1CollectForAllocation (G1 Evacuation Pause) done
Event: 300.661 Executing VM operation: HandshakeAllThreads (HandshakeForDeflation)
Event: 300.661 Executing VM operation: HandshakeAllThreads (HandshakeForDeflation) done
Event: 300.661 Executing VM operation: RendezvousGCThreads
Event: 300.661 Executing VM operation: RendezvousGCThreads done

Memory protections (0 events):
No events

Nmethod flushes (20 events):
Event: 210.477 Thread 0x0000011b68554c40 flushing  nmethod 0x0000011b710e5888
Event: 210.477 Thread 0x0000011b68554c40 flushing  nmethod 0x0000011b710e6b88
Event: 210.477 Thread 0x0000011b68554c40 flushing  nmethod 0x0000011b710e8a88
Event: 210.477 Thread 0x0000011b68554c40 flushing  nmethod 0x0000011b710e8f08
Event: 210.477 Thread 0x0000011b68554c40 flushing  nmethod 0x0000011b710fda88
Event: 210.477 Thread 0x0000011b68554c40 flushing  nmethod 0x0000011b71104488
Event: 210.478 Thread 0x0000011b68554c40 flushing  nmethod 0x0000011b71122508
Event: 210.478 Thread 0x0000011b68554c40 flushing osr nmethod 0x0000011b71156988
Event: 210.478 Thread 0x0000011b68554c40 flushing  nmethod 0x0000011b7115f788
Event: 210.478 Thread 0x0000011b68554c40 flushing  nmethod 0x0000011b711d8f88
Event: 210.478 Thread 0x0000011b68554c40 flushing  nmethod 0x0000011b71258208
Event: 210.478 Thread 0x0000011b68554c40 flushing  nmethod 0x0000011b71258c08
Event: 210.478 Thread 0x0000011b68554c40 flushing  nmethod 0x0000011b71264a88
Event: 210.478 Thread 0x0000011b68554c40 flushing  nmethod 0x0000011b7127ff88
Event: 210.478 Thread 0x0000011b68554c40 flushing  nmethod 0x0000011b71280608
Event: 210.478 Thread 0x0000011b68554c40 flushing  nmethod 0x0000011b71280c88
Event: 210.478 Thread 0x0000011b68554c40 flushing  nmethod 0x0000011b71282c88
Event: 210.478 Thread 0x0000011b68554c40 flushing  nmethod 0x0000011b71282f88
Event: 210.478 Thread 0x0000011b68554c40 flushing  nmethod 0x0000011b71283388
Event: 210.478 Thread 0x0000011b68554c40 flushing  nmethod 0x0000011b71288c88

Events (20 events):
Event: 125.704 Thread 0x0000011b4dbb2cf0 Thread exited: 0x0000011b4dbb2cf0
Event: 125.708 Thread 0x0000011b4dd080f0 Thread exited: 0x0000011b4dd080f0
Event: 125.709 Thread 0x0000011b4dd08840 Thread exited: 0x0000011b4dd08840
Event: 125.709 Thread 0x0000011b4dd063b0 Thread exited: 0x0000011b4dd063b0
Event: 125.710 Thread 0x0000011b4dd096e0 Thread exited: 0x0000011b4dd096e0
Event: 126.606 Thread 0x0000011b4dd08f90 Thread exited: 0x0000011b4dd08f90
Event: 126.607 Thread 0x0000011b4dd05c60 Thread exited: 0x0000011b4dd05c60
Event: 210.481 Thread 0x0000011b4dbb25a0 Thread exited: 0x0000011b4dbb25a0
Event: 222.246 Thread 0x0000011b44e3eea0 Thread added: 0x0000011b4dbb25a0
Event: 222.255 Thread 0x0000011b4dbb25a0 Thread added: 0x0000011b4dbb2cf0
Event: 222.256 Thread 0x0000011b4dbb25a0 Thread added: 0x0000011b4e57f4b0
Event: 222.256 Thread 0x0000011b4dbb25a0 Thread added: 0x0000011b4e57dec0
Event: 243.278 Thread 0x0000011b44e3eea0 Thread added: 0x0000011b4e57b2e0
Event: 243.654 Thread 0x0000011b4dbb25a0 Thread exited: 0x0000011b4dbb25a0
Event: 243.660 Thread 0x0000011b4dbb2cf0 Thread exited: 0x0000011b4dbb2cf0
Event: 243.661 Thread 0x0000011b4e57dec0 Thread exited: 0x0000011b4e57dec0
Event: 243.661 Thread 0x0000011b4e57f4b0 Thread exited: 0x0000011b4e57f4b0
Event: 253.282 Thread 0x0000011b4e57b2e0 Thread exited: 0x0000011b4e57b2e0
Event: 260.137 Thread 0x0000011b44e3eea0 Thread added: 0x0000011b4dbb2cf0
Event: 270.145 Thread 0x0000011b4dbb2cf0 Thread exited: 0x0000011b4dbb2cf0


Dynamic libraries:
0x00007ff6d4bd0000 - 0x00007ff6d4be0000 	C:\Program Files\Java\jdk-24\bin\java.exe
0x00007ffb91b20000 - 0x00007ffb91d29000 	C:\WINDOWS\SYSTEM32\ntdll.dll
0x00007ffb90890000 - 0x00007ffb9094e000 	C:\WINDOWS\System32\KERNEL32.DLL
0x00007ffb8f230000 - 0x00007ffb8f5b4000 	C:\WINDOWS\System32\KERNELBASE.dll
0x00007ffb8f6b0000 - 0x00007ffb8f7c1000 	C:\WINDOWS\System32\ucrtbase.dll
0x00007ffb89230000 - 0x00007ffb8924b000 	C:\Program Files\Java\jdk-24\bin\VCRUNTIME140.dll
0x00007ffb85200000 - 0x00007ffb85216000 	C:\Program Files\Java\jdk-24\bin\jli.dll
0x00007ffb906e0000 - 0x00007ffb9088d000 	C:\WINDOWS\System32\USER32.dll
0x00007ffb8f7d0000 - 0x00007ffb8f7f6000 	C:\WINDOWS\System32\win32u.dll
0x00007ffb8fc20000 - 0x00007ffb8fc4a000 	C:\WINDOWS\System32\GDI32.dll
0x00007ffb8f110000 - 0x00007ffb8f22f000 	C:\WINDOWS\System32\gdi32full.dll
0x00007ffb8efb0000 - 0x00007ffb8f04d000 	C:\WINDOWS\System32\msvcp_win.dll
0x00007ffb7b0b0000 - 0x00007ffb7b355000 	C:\WINDOWS\WinSxS\amd64_microsoft.windows.common-controls_6595b64144ccf1df_6.0.22000.120_none_9d947278b86cc467\COMCTL32.dll
0x00007ffb91080000 - 0x00007ffb91123000 	C:\WINDOWS\System32\msvcrt.dll
0x00007ffb8f970000 - 0x00007ffb8f9a1000 	C:\WINDOWS\System32\IMM32.DLL
0x00007ffb8a460000 - 0x00007ffb8a46c000 	C:\Program Files\Java\jdk-24\bin\vcruntime140_1.dll
0x00007ffb7c5e0000 - 0x00007ffb7c66e000 	C:\Program Files\Java\jdk-24\bin\msvcp140.dll
0x00007ffb13f50000 - 0x00007ffb14cf2000 	C:\Program Files\Java\jdk-24\bin\server\jvm.dll
0x00007ffb8fb60000 - 0x00007ffb8fc0f000 	C:\WINDOWS\System32\ADVAPI32.dll
0x00007ffb91490000 - 0x00007ffb9152e000 	C:\WINDOWS\System32\sechost.dll
0x00007ffb91530000 - 0x00007ffb91651000 	C:\WINDOWS\System32\RPCRT4.dll
0x00007ffb8fe90000 - 0x00007ffb8feff000 	C:\WINDOWS\System32\WS2_32.dll
0x00007ffb8d8c0000 - 0x00007ffb8d90d000 	C:\WINDOWS\SYSTEM32\POWRPROF.dll
0x00007ffb898e0000 - 0x00007ffb89913000 	C:\WINDOWS\SYSTEM32\WINMM.dll
0x00007ffb86470000 - 0x00007ffb8647a000 	C:\WINDOWS\SYSTEM32\VERSION.dll
0x00007ffb8d9b0000 - 0x00007ffb8d9c3000 	C:\WINDOWS\SYSTEM32\UMPDC.dll
0x00007ffb8e100000 - 0x00007ffb8e118000 	C:\WINDOWS\SYSTEM32\kernel.appcore.dll
0x00007ffb89db0000 - 0x00007ffb89dba000 	C:\Program Files\Java\jdk-24\bin\jimage.dll
0x00007ffb8c260000 - 0x00007ffb8c481000 	C:\WINDOWS\SYSTEM32\DBGHELP.DLL
0x00007ffb76830000 - 0x00007ffb76861000 	C:\WINDOWS\SYSTEM32\dbgcore.DLL
0x00007ffb8f5c0000 - 0x00007ffb8f63f000 	C:\WINDOWS\System32\bcryptPrimitives.dll
0x00007ffb7f640000 - 0x00007ffb7f65e000 	C:\Program Files\Java\jdk-24\bin\java.dll
0x00007ffb8f9b0000 - 0x00007ffb8fb4a000 	C:\WINDOWS\System32\ole32.dll
0x00007ffb90a00000 - 0x00007ffb90d76000 	C:\WINDOWS\System32\combase.dll
0x00007ffb8ff10000 - 0x00007ffb906d5000 	C:\WINDOWS\System32\SHELL32.dll
0x00007ffb8d040000 - 0x00007ffb8d8a4000 	C:\WINDOWS\SYSTEM32\windows.storage.dll
0x00007ffb8ced0000 - 0x00007ffb8d037000 	C:\WINDOWS\SYSTEM32\wintypes.dll
0x00007ffb91220000 - 0x00007ffb9130a000 	C:\WINDOWS\System32\SHCORE.dll
0x00007ffb91310000 - 0x00007ffb9136d000 	C:\WINDOWS\System32\shlwapi.dll
0x00007ffb8eee0000 - 0x00007ffb8ef05000 	C:\WINDOWS\SYSTEM32\profapi.dll
0x00007ffb6d570000 - 0x00007ffb6d647000 	C:\Program Files\Java\jdk-24\bin\jsvml.dll
0x00007ffb89b50000 - 0x00007ffb89b60000 	C:\Program Files\Java\jdk-24\bin\net.dll
0x00007ffb8e5b0000 - 0x00007ffb8e617000 	C:\WINDOWS\system32\mswsock.dll
0x00007ffb7f620000 - 0x00007ffb7f636000 	C:\Program Files\Java\jdk-24\bin\nio.dll
0x00007ffb7f420000 - 0x00007ffb7f437000 	C:\Program Files\Java\jdk-24\bin\zip.dll
0x0000011b02f50000 - 0x0000011b02f53000 	C:\Users\Mirell\.openjfx\cache\17.0.1\api-ms-win-core-console-l1-1-0.dll
0x0000011b02f60000 - 0x0000011b02f63000 	C:\Users\Mirell\.openjfx\cache\17.0.1\api-ms-win-core-console-l1-2-0.dll
0x0000011b02f70000 - 0x0000011b02f73000 	C:\Users\Mirell\.openjfx\cache\17.0.1\api-ms-win-core-datetime-l1-1-0.dll
0x0000011b02f80000 - 0x0000011b02f83000 	C:\Users\Mirell\.openjfx\cache\17.0.1\api-ms-win-core-debug-l1-1-0.dll
0x0000011b02f90000 - 0x0000011b02f93000 	C:\Users\Mirell\.openjfx\cache\17.0.1\api-ms-win-core-errorhandling-l1-1-0.dll
0x0000011b02fa0000 - 0x0000011b02fa4000 	C:\Users\Mirell\.openjfx\cache\17.0.1\api-ms-win-core-file-l1-1-0.dll
0x0000011b02fb0000 - 0x0000011b02fb3000 	C:\Users\Mirell\.openjfx\cache\17.0.1\api-ms-win-core-file-l1-2-0.dll
0x0000011b02fc0000 - 0x0000011b02fc3000 	C:\Users\Mirell\.openjfx\cache\17.0.1\api-ms-win-core-file-l2-1-0.dll
0x0000011b02fd0000 - 0x0000011b02fd3000 	C:\Users\Mirell\.openjfx\cache\17.0.1\api-ms-win-core-handle-l1-1-0.dll
0x0000011b02fe0000 - 0x0000011b02fe3000 	C:\Users\Mirell\.openjfx\cache\17.0.1\api-ms-win-core-heap-l1-1-0.dll
0x0000011b02ff0000 - 0x0000011b02ff3000 	C:\Users\Mirell\.openjfx\cache\17.0.1\api-ms-win-core-interlocked-l1-1-0.dll
0x0000011b44f70000 - 0x0000011b44f73000 	C:\Users\Mirell\.openjfx\cache\17.0.1\api-ms-win-core-libraryloader-l1-1-0.dll
0x0000011b44f80000 - 0x0000011b44f83000 	C:\Users\Mirell\.openjfx\cache\17.0.1\api-ms-win-core-localization-l1-2-0.dll
0x0000011b44f90000 - 0x0000011b44f93000 	C:\Users\Mirell\.openjfx\cache\17.0.1\api-ms-win-core-memory-l1-1-0.dll
0x0000011b44fa0000 - 0x0000011b44fa3000 	C:\Users\Mirell\.openjfx\cache\17.0.1\api-ms-win-core-namedpipe-l1-1-0.dll
0x0000011b44fb0000 - 0x0000011b44fb3000 	C:\Users\Mirell\.openjfx\cache\17.0.1\api-ms-win-core-processenvironment-l1-1-0.dll
0x0000011b44fc0000 - 0x0000011b44fc3000 	C:\Users\Mirell\.openjfx\cache\17.0.1\api-ms-win-core-processthreads-l1-1-0.dll
0x0000011b44fd0000 - 0x0000011b44fd3000 	C:\Users\Mirell\.openjfx\cache\17.0.1\api-ms-win-core-processthreads-l1-1-1.dll
0x0000011b44fe0000 - 0x0000011b44fe3000 	C:\Users\Mirell\.openjfx\cache\17.0.1\api-ms-win-core-profile-l1-1-0.dll
0x0000011b44ff0000 - 0x0000011b44ff3000 	C:\Users\Mirell\.openjfx\cache\17.0.1\api-ms-win-core-rtlsupport-l1-1-0.dll
0x0000011b49000000 - 0x0000011b49003000 	C:\Users\Mirell\.openjfx\cache\17.0.1\api-ms-win-core-string-l1-1-0.dll
0x0000011b49010000 - 0x0000011b49013000 	C:\Users\Mirell\.openjfx\cache\17.0.1\api-ms-win-core-synch-l1-1-0.dll
0x0000011b49020000 - 0x0000011b49023000 	C:\Users\Mirell\.openjfx\cache\17.0.1\api-ms-win-core-synch-l1-2-0.dll
0x0000011b49030000 - 0x0000011b49033000 	C:\Users\Mirell\.openjfx\cache\17.0.1\api-ms-win-core-sysinfo-l1-1-0.dll
0x0000011b49040000 - 0x0000011b49043000 	C:\Users\Mirell\.openjfx\cache\17.0.1\api-ms-win-core-timezone-l1-1-0.dll
0x0000011b49050000 - 0x0000011b49053000 	C:\Users\Mirell\.openjfx\cache\17.0.1\api-ms-win-core-util-l1-1-0.dll
0x0000011b49060000 - 0x0000011b49063000 	C:\Users\Mirell\.openjfx\cache\17.0.1\api-ms-win-crt-conio-l1-1-0.dll
0x0000011b49070000 - 0x0000011b49074000 	C:\Users\Mirell\.openjfx\cache\17.0.1\api-ms-win-crt-convert-l1-1-0.dll
0x0000011b49080000 - 0x0000011b49083000 	C:\Users\Mirell\.openjfx\cache\17.0.1\api-ms-win-crt-environment-l1-1-0.dll
0x0000011b49090000 - 0x0000011b49093000 	C:\Users\Mirell\.openjfx\cache\17.0.1\api-ms-win-crt-filesystem-l1-1-0.dll
0x0000011b490a0000 - 0x0000011b490a3000 	C:\Users\Mirell\.openjfx\cache\17.0.1\api-ms-win-crt-heap-l1-1-0.dll
0x0000011b490b0000 - 0x0000011b490b3000 	C:\Users\Mirell\.openjfx\cache\17.0.1\api-ms-win-crt-locale-l1-1-0.dll
0x0000011b490c0000 - 0x0000011b490c5000 	C:\Users\Mirell\.openjfx\cache\17.0.1\api-ms-win-crt-math-l1-1-0.dll
0x0000011b490d0000 - 0x0000011b490d5000 	C:\Users\Mirell\.openjfx\cache\17.0.1\api-ms-win-crt-multibyte-l1-1-0.dll
0x0000011b490e0000 - 0x0000011b490f0000 	C:\Users\Mirell\.openjfx\cache\17.0.1\api-ms-win-crt-private-l1-1-0.dll
0x0000011b490f0000 - 0x0000011b490f3000 	C:\Users\Mirell\.openjfx\cache\17.0.1\api-ms-win-crt-process-l1-1-0.dll
0x0000011b49100000 - 0x0000011b49104000 	C:\Users\Mirell\.openjfx\cache\17.0.1\api-ms-win-crt-runtime-l1-1-0.dll
0x0000011b49110000 - 0x0000011b49114000 	C:\Users\Mirell\.openjfx\cache\17.0.1\api-ms-win-crt-stdio-l1-1-0.dll
0x0000011b49120000 - 0x0000011b49124000 	C:\Users\Mirell\.openjfx\cache\17.0.1\api-ms-win-crt-string-l1-1-0.dll
0x0000011b49130000 - 0x0000011b49133000 	C:\Users\Mirell\.openjfx\cache\17.0.1\api-ms-win-crt-time-l1-1-0.dll
0x0000011b49140000 - 0x0000011b49143000 	C:\Users\Mirell\.openjfx\cache\17.0.1\api-ms-win-crt-utility-l1-1-0.dll
0x00007ffb68730000 - 0x00007ffb6882c000 	C:\Users\Mirell\.openjfx\cache\17.0.1\ucrtbase.dll
0x00007ffb7f400000 - 0x00007ffb7f41a000 	C:\Users\Mirell\.openjfx\cache\17.0.1\vcruntime140.dll
0x00007ffb89920000 - 0x00007ffb8992c000 	C:\Users\Mirell\.openjfx\cache\17.0.1\vcruntime140_1.dll
0x00007ffb7c4f0000 - 0x00007ffb7c57d000 	C:\Users\Mirell\.openjfx\cache\17.0.1\msvcp140.dll
0x00007ffb7ede0000 - 0x00007ffb7ee0a000 	C:\Users\Mirell\.openjfx\cache\17.0.1\prism_d3d.dll
0x00007ffb69850000 - 0x00007ffb699f6000 	C:\WINDOWS\system32\d3d9.dll
0x00007ffb8c9c0000 - 0x00007ffb8c9ef000 	C:\WINDOWS\SYSTEM32\dwmapi.dll
0x00007ffb8c840000 - 0x00007ffb8c878000 	C:\WINDOWS\SYSTEM32\dxcore.dll
0x00007ffb8c610000 - 0x00007ffb8c6bc000 	C:\WINDOWS\system32\uxtheme.dll
0x00007ffb28780000 - 0x00007ffb288dd000 	C:\WINDOWS\System32\DriverStore\FileRepository\iigd_dch.inf_amd64_02d4ed963abbd842\igdumdim64.dll
0x00007ffb22050000 - 0x00007ffb25922000 	C:\WINDOWS\System32\DriverStore\FileRepository\iigd_dch.inf_amd64_02d4ed963abbd842\igd9dxva64.dll
0x00007ffb90f40000 - 0x00007ffb91016000 	C:\WINDOWS\System32\OLEAUT32.dll
0x00007ffb91660000 - 0x00007ffb91ad2000 	C:\WINDOWS\System32\SETUPAPI.dll
0x00007ffb8ecb0000 - 0x00007ffb8ecfc000 	C:\WINDOWS\SYSTEM32\cfgmgr32.dll
0x00007ffb83300000 - 0x00007ffb834a5000 	C:\WINDOWS\System32\DriverStore\FileRepository\iigd_dch.inf_amd64_02d4ed963abbd842\igdgmm64.dll
0x00007ffb87920000 - 0x00007ffb87964000 	C:\WINDOWS\SYSTEM32\directxdatabasehelper.dll
0x00007ffb8e120000 - 0x00007ffb8e154000 	C:\WINDOWS\SYSTEM32\ntmarta.dll
0x00007ffb7ed90000 - 0x00007ffb7edd2000 	C:\Users\Mirell\.openjfx\cache\17.0.1\glass.dll
0x00007ffb91130000 - 0x00007ffb9121c000 	C:\WINDOWS\System32\COMDLG32.dll
0x00007ffb8fc70000 - 0x00007ffb8fd8d000 	C:\WINDOWS\System32\MSCTF.dll
0x00007ffb49190000 - 0x00007ffb491b6000 	C:\WINDOWS\System32\DriverStore\FileRepository\iigd_dch.inf_amd64_02d4ed963abbd842\igdinfo64.dll
0x00007ffb80840000 - 0x00007ffb832f6000 	C:\WINDOWS\System32\DriverStore\FileRepository\iigd_dch.inf_amd64_02d4ed963abbd842\igc64.dll
0x00007ffb7f3e0000 - 0x00007ffb7f3f4000 	C:\Users\Mirell\.openjfx\cache\17.0.1\javafx_font.dll
0x00007ffb7da60000 - 0x00007ffb7dcbf000 	C:\WINDOWS\SYSTEM32\dwrite.dll
0x00007ffb913e0000 - 0x00007ffb9148f000 	C:\WINDOWS\System32\clbcatq.dll
0x00007ffb862c0000 - 0x00007ffb8646e000 	C:\WINDOWS\SYSTEM32\WindowsCodecs.dll
0x00007ffb68610000 - 0x00007ffb6866d000 	C:\WINDOWS\system32\dataexchange.dll
0x00007ffb85c20000 - 0x00007ffb85e86000 	C:\WINDOWS\system32\twinapi.appcore.dll
0x00007ffb7c6f0000 - 0x00007ffb7c722000 	C:\Program Files\Common Files\Microsoft Shared\Ink\rtscom.dll
0x00007ffb7c130000 - 0x00007ffb7c25c000 	C:\WINDOWS\SYSTEM32\textinputframework.dll
0x00007ffb8bde0000 - 0x00007ffb8bf11000 	C:\WINDOWS\SYSTEM32\CoreMessaging.dll
0x00007ffb87120000 - 0x00007ffb8748d000 	C:\WINDOWS\SYSTEM32\CoreUIComponents.dll
0x00007ffb8e820000 - 0x00007ffb8e82c000 	C:\WINDOWS\SYSTEM32\CRYPTBASE.DLL
0x00007ffb8e800000 - 0x00007ffb8e818000 	C:\WINDOWS\SYSTEM32\CRYPTSP.dll
0x00007ffb8e040000 - 0x00007ffb8e075000 	C:\WINDOWS\system32\rsaenh.dll
0x00007ffb8e6b0000 - 0x00007ffb8e6dc000 	C:\WINDOWS\SYSTEM32\USERENV.dll
0x00007ffb8e980000 - 0x00007ffb8e9a7000 	C:\WINDOWS\SYSTEM32\bcrypt.dll
0x00007ffb8dc70000 - 0x00007ffb8dc9d000 	C:\WINDOWS\SYSTEM32\IPHLPAPI.DLL
0x00007ffb8ff00000 - 0x00007ffb8ff09000 	C:\WINDOWS\System32\NSI.dll
0x00007ffb8b0d0000 - 0x00007ffb8b0de000 	C:\Program Files\Java\jdk-24\bin\sunmscapi.dll
0x00007ffb8f800000 - 0x00007ffb8f96a000 	C:\WINDOWS\System32\CRYPT32.dll
0x00007ffb8e950000 - 0x00007ffb8e97a000 	C:\WINDOWS\SYSTEM32\ncrypt.dll

JVMTI agents: none

dbghelp: loaded successfully - version: 4.0.5 - missing functions: none
symbol engine: initialized successfully - sym options: 0x614 - pdb path: .;C:\Program Files\Java\jdk-24\bin;C:\WINDOWS\SYSTEM32;C:\WINDOWS\WinSxS\amd64_microsoft.windows.common-controls_6595b64144ccf1df_6.0.22000.120_none_9d947278b86cc467;C:\Program Files\Java\jdk-24\bin\server;C:\Users\Mirell\.openjfx\cache\17.0.1;C:\WINDOWS\System32\DriverStore\FileRepository\iigd_dch.inf_amd64_02d4ed963abbd842;C:\Program Files\Common Files\Microsoft Shared\Ink

VM Arguments:
jvm_args: -XX:+ShowCodeDetailsInExceptionMessages --module-path=C:\a\distribuidos\RU\target\classes;C:\Users\Mirell\.m2\repository\org\json\json\20210307\json-20210307.jar;C:\Users\Mirell\.m2\repository\com\google\code\gson\gson\2.10.1\gson-2.10.1.jar;C:\Users\Mirell\.m2\repository\org\openjfx\javafx-controls\17.0.1\javafx-controls-17.0.1-win.jar;C:\Users\Mirell\.m2\repository\org\openjfx\javafx-graphics\17.0.1\javafx-graphics-17.0.1-win.jar;C:\Users\Mirell\.m2\repository\org\openjfx\javafx-base\17.0.1\javafx-base-17.0.1-win.jar;C:\Users\Mirell\.m2\repository\org\openjfx\javafx-fxml\17.0.1\javafx-fxml-17.0.1-win.jar;C:\Users\Mirell\.m2\repository\org\openjfx\javafx-web\17.0.1\javafx-web-17.0.1-win.jar;C:\Users\Mirell\.m2\repository\org\openjfx\javafx-media\17.0.1\javafx-media-17.0.1-win.jar;C:\Users\Mirell\.m2\repository\org\controlsfx\controlsfx\11.1.1\controlsfx-11.1.1.jar;C:\Users\Mirell\.m2\repository\com\dlsc\formsfx\formsfx-core\11.3.2\formsfx-core-11.3.2.jar;C:\Users\Mirell\.m2\repository\org\kordamp\ikonli\ikonli-javafx\12.3.0\ikonli-javafx-12.3.0.jar;C:\Users\Mirell\.m2\repository\org\kordamp\ikonli\ikonli-core\12.3.0\ikonli-core-12.3.0.jar;C:\Users\Mirell\.m2\repository\org\kordamp\bootstrapfx\bootstrapfx-core\0.4.0\bootstrapfx-core-0.4.0.jar;C:\Users\Mirell\.m2\repository\eu\hansolo\tilesfx\11.48\tilesfx-11.48.jar;C:\Users\Mirell\.m2\repository\com\github\almasb\fxgl\17\fxgl-17.jar;C:\Users\Mirell\.m2\repository\com\github\almasb\fxgl-core\17\fxgl-core-17.jar;C:\Users\Mirell\.m2\repository\com\gluonhq\attach\audio\4.0.9\audio-4.0.9.jar;C:\Users\Mirell\.m2\repository\com\github\almasb\fxgl-io\17\fxgl-io-17.jar;C:\Users\Mirell\.m2\repository\com\gluonhq\attach\storage\4.0.9\storage-4.0.9.jar;C:\Users\Mirell\.m2\repository\com\gluonhq\attach\util\4.0.9\util-4.0.9.jar;C:\Users\Mirell\.m2\repository\com\github\almasb\fxgl-entity\17\fxgl-entity-17.jar;C:\Users\Mirell\.m2\repository\com\github\almasb\fxgl-scene\17\fxgl-scene-17.jar;C:\Users\Mirell\.m2\repository\com\github\almasb\fxgl-gameplay\17\fxgl-gameplay-Djdk.module.main=app 
java_command: app/app.Aplicativo
java_class_path (initial): C:\Users\Mirell\.m2\repository\org\openjfx\javafx-controls\17.0.1\javafx-controls-17.0.1.jar;C:\Users\Mirell\.m2\repository\org\openjfx\javafx-graphics\17.0.1\javafx-graphics-17.0.1.jar;C:\Users\Mirell\.m2\repository\org\openjfx\javafx-base\17.0.1\javafx-base-17.0.1.jar;C:\Users\Mirell\.m2\repository\org\openjfx\javafx-fxml\17.0.1\javafx-fxml-17.0.1.jar;C:\Users\Mirell\.m2\repository\org\openjfx\javafx-web\17.0.1\javafx-web-17.0.1.jar;C:\Users\Mirell\.m2\repository\org\openjfx\javafx-media\17.0.1\javafx-media-17.0.1.jar;C:\Users\Mirell\.m2\repository\net\synedra\validatorfx\0.2.1\validatorfx-0.2.1.jar;C:\Users\Mirell\.m2\repository\org\jetbrains\annotations\13.0\annotations-13.0.jar;C:\Users\Mirell\.m2\repository\org\jetbrains\kotlin\kotlin-stdlib-common\1.5.32\kotlin-stdlib-common-1.5.32.jar
Launcher Type: SUN_STANDARD

[Global flags]
     intx CICompilerCount                          = 2                                         {product} {ergonomic}
     uint ConcGCThreads                            = 1                                         {product} {ergonomic}
     uint G1ConcRefinementThreads                  = 2                                         {product} {ergonomic}
   size_t G1HeapRegionSize                         = 1048576                                   {product} {ergonomic}
   size_t InitialHeapSize                          = 65011712                                  {product} {ergonomic}
   size_t MarkStackSize                            = 4194304                                   {product} {ergonomic}
   size_t MarkStackSizeMax                         = 536870912                                 {product} {ergonomic}
   size_t MaxHeapSize                              = 1023410176                                {product} {ergonomic}
   size_t MaxNewSize                               = 613416960                                 {product} {ergonomic}
   size_t MinHeapDeltaBytes                        = 1048576                                   {product} {ergonomic}
   size_t MinHeapSize                              = 8388608                                   {product} {ergonomic}
    uintx NonNMethodCodeHeapSize                   = 5767168                                {pd product} {ergonomic}
    uintx NonProfiledCodeHeapSize                  = 123011072                              {pd product} {ergonomic}
    uintx ProfiledCodeHeapSize                     = 122880000                              {pd product} {ergonomic}
    uintx ReservedCodeCacheSize                    = 251658240                              {pd product} {ergonomic}
     bool SegmentedCodeCache                       = true                                      {product} {ergonomic}
     bool ShowCodeDetailsInExceptionMessages       = true                                   {manageable} {command line}
   size_t SoftMaxHeapSize                          = 1023410176                             {manageable} {ergonomic}
     bool UseCompressedOops                        = true                           {product lp64_product} {ergonomic}
     bool UseG1GC                                  = true                                      {product} {ergonomic}
     bool UseLargePagesIndividualAllocation        = false                                  {pd product} {ergonomic}

Logging:
Log output configuration:
 #0: stdout all=warning uptime,level,tags foldmultilines=false
 #1: stderr all=off uptime,level,tags foldmultilines=false

Environment Variables:
PATH=C:\Program Files\Common Files\Oracle\Java\javapath;C:\Program Files (x86)\Common Files\Oracle\Java\java8path;C:\Program Files (x86)\Common Files\Oracle\Java\javapath;C:\WINDOWS\system32;C:\WINDOWS;C:\WINDOWS\System32\Wbem;C:\WINDOWS\System32\WindowsPowerShell\v1.0\;C:\WINDOWS\System32\OpenSSH\;C:\Program Files\Intel\TXE Components\DAL\;C:\Program Files (x86)\Intel\TXE Components\DAL\;C:\Program Files\Intel\TXE Components\IPT\;C:\Program Files (x86)\Intel\TXE Components\IPT\;C:\Program Files\nodejs\;C:\Program Files\Git\cmd;C:\Users\Mirell\AppData\Local\Programs\Python\Python313\Scripts\;C:\Users\Mirell\AppData\Local\Programs\Python\Python313\;C:\Users\Mirell\AppData\Local\Programs\Python\Launcher\;C:\Users\Mirell\.elan\bin;C:\Users\Mirell\AppData\Local\Microsoft\WindowsApps;C:\Users\Mirell\AppData\Local\Programs\Microsoft VS Code\bin;C:\Users\Mirell\AppData\Roaming\npm;C:\apache-maven-3.9.10\bin;
USERNAME=Mirell
LANG=en_US.UTF-8
OS=Windows_NT
PROCESSOR_IDENTIFIER=Intel64 Family 6 Model 122 Stepping 1, GenuineIntel
TMP=C:\Users\Mirell\AppData\Local\Temp
TEMP=C:\Users\Mirell\AppData\Local\Temp




Periodic native trim disabled

---------------  S Y S T E M  ---------------

OS:
 Windows 11 , 64 bit Build 22000 (10.0.22000.2124)
OS uptime: 0 days 12:17 hours
Hyper-V role detected

CPU: total 2 (initial active 2) (2 cores per cpu, 1 threads per core) family 6 model 122 stepping 1 microcode 0x34, cx8, cmov, fxsr, mmx, 3dnowpref, sse, sse2, sse3, ssse3, sse4.1, sse4.2, popcnt, tsc, tscinvbit, aes, erms, clmul, sha, clflush, clflushopt, hv, rdtscp, rdpid
Processor Information for the first 2 processors :
  Max Mhz: 1101, Current Mhz: 1101, Mhz Limit: 1101

Memory: 4k page, system-wide physical 3902M (256M free)
TotalPageFile size 11088M (AvailPageFile size 3M)
current process WorkingSet (physical memory assigned to process): 152M, peak: 313M
current process commit charge ("private bytes"): 364M, peak: 396M

vm_info: Java HotSpot(TM) 64-Bit Server VM (24.0.1+9-30) for windows-amd64 JRE (24.0.1+9-30), built on 2025-03-05T07:23:45Z with MS VC++ 17.6 (VS2022)

END.
